<?xml version="1.0" encoding="UTF-8"?>
<!-- Generated by org.testng.reporters.JUnitReportReporter -->
<testsuite hostname="DESKTOP-VMS1ACL" failures="0" tests="1" name="com.crm2.qa.TestCases.LoginPageTest" time="37.269" errors="0" timestamp="08 Mar 2021 11:39:15 GMT" skipped="0">
  <testcase classname="com.crm2.qa.TestCases.LoginPageTest" name="LoginTest" time="37.269"/>
</testsuite> <!-- com.crm2.qa.TestCases.LoginPageTest -->
